web/web/build/intermediates/manifest_merge_blame_file/release/processReleaseManifest/manifest-merger-blame-release-report.txt
1<?xml version="1.0" encoding="utf-8"?>
2<manifest xmlns:android="http://schemas.android.com/apk/res/android"
3    package="me.rerere.rikkahub.web" >
4
5    <uses-sdk android:minSdkVersion="24" />
6
7    <uses-permission android:name="android.permission.INTERNET" />
7-->src/main/AndroidManifest.xml:4:3-65
7-->src/main/AndroidManifest.xml:4:20-62
8    <uses-permission android:name="android.permission.ACCESS_NETWORK_STATE" />
8-->src/main/AndroidManifest.xml:5:3-77
8-->src/main/AndroidManifest.xml:5:20-74
9    <uses-permission android:name="android.permission.NEARBY_WIFI_DEVICES" />
9-->src/main/AndroidManifest.xml:6:3-76
9-->src/main/AndroidManifest.xml:6:20-73
10
11</manifest>